<change-set xmlns='http://drools.org/drools-5.0/change-set'
	xmlns:xs='http://www.w3.org/2001/XMLSchema-instance'
	xs:schemaLocation='http://drools.org/drools-5.0/change-set.xsd http://anonsvn.jboss.org/repos/labs/labs/jbossrules/trunk/drools-api/src/main/resources/change-set-1.0.0.xsd'>

	<add>
		<resource source="classpath:flow/helloworld/helloworldflow.rf" type="DRF" />
		<resource source="classpath:flow/helloworld/hello1.drl" type="DRL" />
		<resource source="classpath:flow/helloworld/hello2.drl" type="DRL" />
	</add>
</change-set>